<?xml version="1.0" encoding="UTF-8"?>
<testng-results skipped="0" failed="0" ignored="0" total="1" passed="1">
  <reporter-output>
  </reporter-output>
  <suite name="Command line suite" duration-ms="3583" started-at="2021-10-29T08:51:11Z" finished-at="2021-10-29T08:51:15Z">
    <groups>
    </groups>
    <test name="Command line test" duration-ms="3583" started-at="2021-10-29T08:51:11Z" finished-at="2021-10-29T08:51:15Z">
      <class name="com.eden.cases.Test">
        <test-method status="PASS" signature="openDoc()[pri:0, instance:com.eden.cases.Test@5a61f5df]" name="openDoc" is-config="true" duration-ms="75" started-at="2021-10-29T08:51:11Z" finished-at="2021-10-29T08:51:11Z">
          <reporter-output>
          </reporter-output>
        </test-method> <!-- openDoc -->
        <test-method status="PASS" signature="test()[pri:0, instance:com.eden.cases.Test@5a61f5df]" name="test" duration-ms="3248" started-at="2021-10-29T08:51:11Z" finished-at="2021-10-29T08:51:14Z">
          <reporter-output>
          </reporter-output>
        </test-method> <!-- test -->
        <test-method status="PASS" signature="printResult()[pri:0, instance:com.eden.cases.Test@5a61f5df]" name="printResult" is-config="true" duration-ms="249" started-at="2021-10-29T08:51:14Z" finished-at="2021-10-29T08:51:15Z">
          <reporter-output>
          </reporter-output>
        </test-method> <!-- printResult -->
      </class> <!-- com.eden.cases.Test -->
    </test> <!-- Command line test -->
  </suite> <!-- Command line suite -->
</testng-results>
